<?xml version="1.0" encoding="UTF-8"?>
<!-- Generated by org.testng.reporters.JUnitXMLReporter -->
<testsuite ignored="3" hostname="DESKTOP-N2T4CKF" failures="0" tests="1" name="Default test" time="10.835" errors="0" timestamp="2022-12-24T17:40:53 EST">
  <testcase classname="testPages.HomePageTest" name="clickCheckboxTest" time="6.414"/>
  <testcase classname="testPages.HomePageTest" name="clickLoginTest" time="0.0">
    <ignored/>
  </testcase> <!-- clickLoginTest -->
  <testcase classname="testPages.HomePageTest" name="clickProductTest" time="0.0">
    <ignored/>
  </testcase> <!-- clickProductTest -->
  <testcase classname="testPages.HomePageTest" name="clickStartAQuoteTest" time="0.0">
    <ignored/>
  </testcase> <!-- clickStartAQuoteTest -->
</testsuite> <!-- Default test -->
