<?xml version="1.0" encoding="UTF-8"?>
<testng-results ignored="3" total="4" passed="1" failed="0" skipped="0">
  <reporter-output>
  </reporter-output>
  <suite started-at="2022-12-24T17:40:42 EST" name="Default suite" finished-at="2022-12-24T17:40:53 EST" duration-ms="10835">
    <groups>
    </groups>
    <test started-at="2022-12-24T17:40:42 EST" name="Default test" finished-at="2022-12-24T17:40:53 EST" duration-ms="10835">
      <class name="testPages.HomePageTest">
        <test-method is-config="true" signature="setUp()[pri:0, instance:testPages.HomePageTest@51c668e3]" started-at="2022-12-24T17:40:42 EST" name="setUp" finished-at="2022-12-24T17:40:46 EST" duration-ms="4115" status="PASS">
          <reporter-output>
          </reporter-output>
        </test-method> <!-- setUp -->
        <test-method signature="clickCheckboxTest()[pri:4, instance:testPages.HomePageTest@51c668e3]" started-at="2022-12-24T17:40:46 EST" name="clickCheckboxTest" finished-at="2022-12-24T17:40:52 EST" duration-ms="6414" status="PASS">
          <reporter-output>
          </reporter-output>
        </test-method> <!-- clickCheckboxTest -->
        <test-method is-config="true" signature="tearUp()[pri:0, instance:testPages.HomePageTest@51c668e3]" started-at="2022-12-24T17:40:52 EST" name="tearUp" finished-at="2022-12-24T17:40:53 EST" duration-ms="259" status="PASS">
          <reporter-output>
          </reporter-output>
        </test-method> <!-- tearUp -->
      </class> <!-- testPages.HomePageTest -->
    </test> <!-- Default test -->
  </suite> <!-- Default suite -->
</testng-results>
